[debug] [2026-06-30T15:33:52.164Z] ----------------------------------------------------------------------
[debug] [2026-06-30T15:33:52.167Z] Command:       /usr/bin/node-22 /usr/local/bin/firebase init
[debug] [2026-06-30T15:33:52.167Z] CLI Version:   15.22.1
[debug] [2026-06-30T15:33:52.167Z] Platform:      linux
[debug] [2026-06-30T15:33:52.167Z] Node Version:  v22.21.1
[debug] [2026-06-30T15:33:52.167Z] Detected Agent: unknown
[debug] [2026-06-30T15:33:52.167Z] Time:          Tue Jun 30 2026 16:33:52 GMT+0100 (British Summer Time)
[debug] [2026-06-30T15:33:52.168Z] ----------------------------------------------------------------------
[debug] 
[info] 
     ######## #### ########  ######## ########     ###     ######  ########
     ##        ##  ##     ## ##       ##     ##  ##   ##  ##       ##
     ######    ##  ########  ######   ########  #########  ######  ######
     ##        ##  ##    ##  ##       ##     ## ##     ##       ## ##
     ##       #### ##     ## ######## ########  ##     ##  ######  ########

You're about to initialize a Firebase project in this directory:

  /home/akrit/Desktop/code/javascript/friendship.newsletters

[info] 
=== Project Setup
[info] 
[info] First, let's associate this project directory with a Firebase project.
[info] You can create multiple project aliases by running firebase use --add, 
[info] 
[debug] [2026-06-30T15:35:06.636Z] > command requires scopes: ["email","openid","https://www.googleapis.com/auth/cloudplatformprojects.readonly","https://www.googleapis.com/auth/firebase","https://www.googleapis.com/auth/cloud-platform"]
[debug] [2026-06-30T15:35:06.636Z] > authorizing via signed-in user (akrit.ghimire.email@gmail.com)
[debug] [2026-06-30T15:35:06.637Z] Checked if tokens are valid: false, expires at: 1782820714714
[debug] [2026-06-30T15:35:06.637Z] Checked if tokens are valid: false, expires at: 1782820714714
[debug] [2026-06-30T15:35:06.637Z] > refreshing access token with scopes: []
[debug] [2026-06-30T15:35:06.639Z] >>> [apiv2][query] POST https://www.googleapis.com/oauth2/v3/token [none]
[debug] [2026-06-30T15:35:06.639Z] >>> [apiv2][body] POST https://www.googleapis.com/oauth2/v3/token [omitted]
[debug] [2026-06-30T15:35:06.756Z] <<< [apiv2][status] POST https://www.googleapis.com/oauth2/v3/token 200
[debug] [2026-06-30T15:35:06.756Z] <<< [apiv2][body] POST https://www.googleapis.com/oauth2/v3/token [omitted]
[debug] [2026-06-30T15:35:06.768Z] >>> [apiv2][query] GET https://firebase.googleapis.com/v1beta1/projects pageSize=100
[debug] [2026-06-30T15:35:07.281Z] <<< [apiv2][status] GET https://firebase.googleapis.com/v1beta1/projects 200
[debug] [2026-06-30T15:35:07.281Z] <<< [apiv2][body] GET https://firebase.googleapis.com/v1beta1/projects [omitted]
[info] 
=== Hosting Setup
[debug] [2026-06-30T15:35:09.674Z] Checked if tokens are valid: true, expires at: 1782837305756
[debug] [2026-06-30T15:35:09.674Z] Checked if tokens are valid: true, expires at: 1782837305756
[debug] [2026-06-30T15:35:09.674Z] >>> [apiv2][query] GET https://firebase.googleapis.com/v1beta1/projects/friendship-newsletters [none]
[debug] [2026-06-30T15:35:10.002Z] <<< [apiv2][status] GET https://firebase.googleapis.com/v1beta1/projects/friendship-newsletters 200
[debug] [2026-06-30T15:35:10.002Z] <<< [apiv2][body] GET https://firebase.googleapis.com/v1beta1/projects/friendship-newsletters {"projectId":"friendship-newsletters","projectNumber":"305293010257","displayName":"Friendship Newsletters","name":"projects/friendship-newsletters","resources":{"hostingSite":"friendship-newsletters"},"state":"ACTIVE","labels":{"firebase":"enabled","firebase/storage-default-bucket":"created"},"etag":"1_9f8a050a-1687-455d-a6ae-44fba07fa999"}
[info] 
[info] Your public directory is the folder (relative to your project directory) that
[info] will contain Hosting assets to be uploaded with firebase deploy. If you
[info] have a build process for your assets, use your build's output directory.
[info] 
[debug] [2026-07-01T08:23:12.103Z] ExitPromptError: User force closed the prompt with SIGINT
    at Interface.sigint (/usr/local/lib/node_modules/firebase-tools/node_modules/@inquirer/core/dist/commonjs/lib/create-prompt.js:101:37)
    at Interface.emit (node:events:519:28)
    at [_ttyWrite] [as _ttyWrite] (node:internal/readline/interface:1134:18)
    at ReadStream.onkeypress (node:internal/readline/interface:271:20)
    at ReadStream.emit (node:events:531:35)
    at emitKeys (node:internal/readline/utils:370:14)
    at emitKeys.next (<anonymous>)
    at ReadStream.onData (node:internal/readline/emitKeypressEvents:64:36)
    at ReadStream.emit (node:events:519:28)
    at addChunk (node:internal/streams/readable:561:12)
[error] 
[error] Error: An unexpected error has occurred.
